2023-07-28T12:07:23.979+02:00  INFO 3876 --- [restartedMain] com.example.aspect.AspectApplication     : Starting AspectApplication using Java 20 with PID 3876 (C:\Projects\Aspect\Aspect\target\classes started by Administrator in C:\Projects\Aspect\Aspect)
2023-07-28T12:07:23.980+02:00 DEBUG 3876 --- [restartedMain] com.example.aspect.AspectApplication     : Running with Spring Boot v3.1.2, Spring v6.0.11
2023-07-28T12:07:23.980+02:00  INFO 3876 --- [restartedMain] com.example.aspect.AspectApplication     : No active profile set, falling back to 1 default profile: "default"
2023-07-28T12:07:24.243+02:00  INFO 3876 --- [restartedMain] o.s.b.w.embedded.tomcat.TomcatWebServer  : Tomcat initialized with port(s): 8080 (http)
2023-07-28T12:07:24.244+02:00  INFO 3876 --- [restartedMain] o.apache.catalina.core.StandardService   : Starting service [Tomcat]
2023-07-28T12:07:24.244+02:00  INFO 3876 --- [restartedMain] o.apache.catalina.core.StandardEngine    : Starting Servlet engine: [Apache Tomcat/10.1.11]
2023-07-28T12:07:24.258+02:00  INFO 3876 --- [restartedMain] o.a.c.c.C.[Tomcat].[localhost].[/]       : Initializing Spring embedded WebApplicationContext
2023-07-28T12:07:24.259+02:00  INFO 3876 --- [restartedMain] w.s.c.ServletWebServerApplicationContext : Root WebApplicationContext: initialization completed in 276 ms
2023-07-28T12:07:24.565+02:00  INFO 3876 --- [restartedMain] o.s.b.d.a.OptionalLiveReloadServer       : LiveReload server is running on port 35729
2023-07-28T12:07:24.575+02:00  INFO 3876 --- [restartedMain] o.s.b.w.embedded.tomcat.TomcatWebServer  : Tomcat started on port(s): 8080 (http) with context path ''
2023-07-28T12:07:24.578+02:00  INFO 3876 --- [restartedMain] com.example.aspect.AspectApplication     : Started AspectApplication in 0.63 seconds (process running for 199.298)
2023-07-28T12:07:24.580+02:00  INFO 3876 --- [restartedMain] .ConditionEvaluationDeltaLoggingListener : Condition evaluation unchanged
2023-07-28T12:07:24.581+02:00  INFO 3876 --- [restartedMain] c.example.aspect.aspect.LoggingAspect    : Метод performAction вызван!
2023-07-28T12:07:24.582+02:00 DEBUG 3876 --- [restartedMain] c.example.aspect.aspect.LoggingAspect    : Аргумент 1: My message!
2023-07-28T12:07:24.582+02:00 DEBUG 3876 --- [restartedMain] c.example.aspect.aspect.LoggingAspect    : Аргумент 2: 10
2023-07-28T12:07:24.582+02:00  INFO 3876 --- [restartedMain] c.example.aspect.aspect.LoggingAspect    : Метод performAction завершен!
2023-07-28T12:07:24.583+02:00  INFO 3876 --- [restartedMain] c.example.aspect.aspect.LoggingAspect    : Метод computeDifference вызван!
2023-07-28T12:07:24.583+02:00 DEBUG 3876 --- [restartedMain] c.example.aspect.aspect.LoggingAspect    : Аргумент 1: 1000
2023-07-28T12:07:24.583+02:00 DEBUG 3876 --- [restartedMain] c.example.aspect.aspect.LoggingAspect    : Аргумент 2: 45
2023-07-28T12:07:24.584+02:00  INFO 3876 --- [restartedMain] c.example.aspect.aspect.LoggingAspect    : Метод computeDifference завершен!
2023-07-28T12:07:24.584+02:00  INFO 3876 --- [restartedMain] c.example.aspect.aspect.LoggingAspect    : Метод computeSum вызван!
2023-07-28T12:07:24.584+02:00 DEBUG 3876 --- [restartedMain] c.example.aspect.aspect.LoggingAspect    : Аргумент 1: 888
2023-07-28T12:07:24.584+02:00 DEBUG 3876 --- [restartedMain] c.example.aspect.aspect.LoggingAspect    : Аргумент 2: 42
2023-07-28T12:07:24.584+02:00  INFO 3876 --- [restartedMain] c.example.aspect.aspect.LoggingAspect    : Метод computeSum завершен!
